[2025/05/13 23:00:05.388] - Starting server with initial configuration: {"gasLimit":6721975,"gasPrice":20000000000,"hardfork":"london","hostname":"192.168.88.58","port":8545,"network_id":8888,"default_balance_ether":100,"total_accounts":10,"unlocked_accounts":[],"locked":false,"vmErrorsOnRPCResponse":true,"verbose":true,"flavor":"ethereum","db_path":"C:\\Users\\phung\\AppData\\Roaming\\Ganache\\ui\\workspaces\\DangHau\\chaindata","mnemonic":"furnace another index found load wreck cram tide radar denial kiwi lesson","logDirectory":"C:\\Users\\phung\\OneDrive\\文档\\BTLXLA"}
[2025/05/13 23:00:05.493] -    >  eth_subscribe: [
   >   "newHeads"
   > ]
[2025/05/13 23:00:05.494] -    >  eth_getLogs: [
   >   {
   >     "fromBlock": null,
   >     "topics": []
   >   }
   > ]
[2025/05/13 23:00:05.495] -    >  eth_subscribe: [
   >   "logs",
   >   {
   >     "topics": []
   >   }
   > ]
[2025/05/13 23:00:05.510] -    >  eth_subscribe: [
   >   "newHeads"
   > ]
[2025/05/13 23:00:05.511] -    >  eth_getLogs: [
   >   {
   >     "fromBlock": null,
   >     "topics": []
   >   }
   > ]
[2025/05/13 23:00:05.512] -    >  eth_subscribe: [
   >   "logs",
   >   {
   >     "topics": []
   >   }
   > ]
[2025/05/13 23:00:05.529] -    >  eth_blockNumber: []
[2025/05/13 23:00:05.530] -    >  eth_accounts: []
[2025/05/13 23:00:05.530] -    >  eth_gasPrice: []
[2025/05/13 23:00:05.531] -    >  eth_getBlockByNumber: [
   >   "latest",
   >   false
   > ]
[2025/05/13 23:00:05.536] -    >  eth_accounts: []
[2025/05/13 23:00:05.557] -    >  eth_getBalance: [
   >   "0x45b03f063f2a5e84dd0f0d274a579b202e785df9",
   >   "latest"
   > ]
[2025/05/13 23:00:05.559] -    >  eth_getTransactionCount: [
   >   "0x45b03f063f2a5e84dd0f0d274a579b202e785df9",
   >   "latest"
   > ]
[2025/05/13 23:00:05.560] -    >  eth_getBalance: [
   >   "0xf8d51f725d176e9ba831ea88db984a4fd948d617",
   >   "latest"
   > ]
[2025/05/13 23:00:05.562] -    >  eth_getTransactionCount: [
   >   "0xf8d51f725d176e9ba831ea88db984a4fd948d617",
   >   "latest"
   > ]
[2025/05/13 23:00:05.564] -    >  eth_getBalance: [
   >   "0x9b8be51783f8b8d655cad6d0fcf4c2128da5c50e",
   >   "latest"
   > ]
[2025/05/13 23:00:05.566] -    >  eth_getTransactionCount: [
   >   "0x9b8be51783f8b8d655cad6d0fcf4c2128da5c50e",
   >   "latest"
   > ]
[2025/05/13 23:00:05.568] -    >  eth_getBalance: [
   >   "0xdf59b7d80d7e832dfe87ab6b90ebd189dcad12e6",
   >   "latest"
   > ]
[2025/05/13 23:00:05.570] -    >  eth_getTransactionCount: [
   >   "0xdf59b7d80d7e832dfe87ab6b90ebd189dcad12e6",
   >   "latest"
   > ]
[2025/05/13 23:00:05.572] -    >  eth_getBalance: [
   >   "0x425390b2b12a3f58862d93e58b87028841cf4840",
   >   "latest"
   > ]
[2025/05/13 23:00:05.574] -    >  eth_getTransactionCount: [
   >   "0x425390b2b12a3f58862d93e58b87028841cf4840",
   >   "latest"
   > ]
[2025/05/13 23:00:05.575] -    >  eth_getBalance: [
   >   "0x5c23fca56c2c4192ad23e8ca064c4cac4d0f7f65",
   >   "latest"
   > ]
[2025/05/13 23:00:05.577] -    >  eth_getTransactionCount: [
   >   "0x5c23fca56c2c4192ad23e8ca064c4cac4d0f7f65",
   >   "latest"
   > ]
[2025/05/13 23:00:05.578] -    >  eth_getBalance: [
   >   "0x7da99288e12f5b7142bf806c9293368d5557bc26",
   >   "latest"
   > ]
[2025/05/13 23:00:05.580] -    >  eth_getTransactionCount: [
   >   "0x7da99288e12f5b7142bf806c9293368d5557bc26",
   >   "latest"
   > ]
[2025/05/13 23:00:05.581] -    >  eth_getBalance: [
   >   "0x3a2def2b1173621eefe5acf3f938f0eb173ac495",
   >   "latest"
   > ]
[2025/05/13 23:00:05.582] -    >  eth_getTransactionCount: [
   >   "0x3a2def2b1173621eefe5acf3f938f0eb173ac495",
   >   "latest"
   > ]
[2025/05/13 23:00:05.583] -    >  eth_getBalance: [
   >   "0xef576e66d7c1ae5c042f1f21c43bf2c3d2948a4f",
   >   "latest"
   > ]
[2025/05/13 23:00:05.585] -    >  eth_getTransactionCount: [
   >   "0xef576e66d7c1ae5c042f1f21c43bf2c3d2948a4f",
   >   "latest"
   > ]
[2025/05/13 23:00:05.586] -    >  eth_getBalance: [
   >   "0x5c37919be8144987ba49d70938deef5e9c91bc28",
   >   "latest"
   > ]
[2025/05/13 23:00:05.587] -    >  eth_getTransactionCount: [
   >   "0x5c37919be8144987ba49d70938deef5e9c91bc28",
   >   "latest"
   > ]
[2025/05/13 23:00:05.589] -    >  eth_subscribe: [
   >   "newHeads"
   > ]
[2025/05/13 23:00:05.590] -    >  eth_blockNumber: []
[2025/05/13 23:00:05.590] -    >  eth_accounts: []
[2025/05/13 23:00:05.594] -    >  eth_gasPrice: []
[2025/05/13 23:00:05.594] -    >  eth_getBlockByNumber: [
   >   "latest",
   >   false
   > ]
[2025/05/13 23:00:05.595] -    >  eth_subscribe: [
   >   "newHeads"
   > ]
[2025/05/13 23:00:05.602] -    >  eth_getTransactionCount: [
   >   "0x45b03f063f2a5e84dd0f0d274a579b202e785df9",
   >   "latest"
   > ]
[2025/05/13 23:00:05.603] -    >  eth_getBalance: [
   >   "0xf8d51f725d176e9ba831ea88db984a4fd948d617",
   >   "latest"
   > ]
[2025/05/13 23:00:05.605] -    >  eth_getTransactionCount: [
   >   "0xf8d51f725d176e9ba831ea88db984a4fd948d617",
   >   "latest"
   > ]
[2025/05/13 23:00:05.606] -    >  eth_getBalance: [
   >   "0x9b8be51783f8b8d655cad6d0fcf4c2128da5c50e",
   >   "latest"
   > ]
[2025/05/13 23:00:05.607] -    >  eth_getTransactionCount: [
   >   "0x9b8be51783f8b8d655cad6d0fcf4c2128da5c50e",
   >   "latest"
   > ]
[2025/05/13 23:00:05.609] -    >  eth_getBalance: [
   >   "0xdf59b7d80d7e832dfe87ab6b90ebd189dcad12e6",
   >   "latest"
   > ]
[2025/05/13 23:00:05.610] -    >  eth_getTransactionCount: [
   >   "0xdf59b7d80d7e832dfe87ab6b90ebd189dcad12e6",
   >   "latest"
   > ]
[2025/05/13 23:00:05.611] -    >  eth_getBalance: [
   >   "0x425390b2b12a3f58862d93e58b87028841cf4840",
   >   "latest"
   > ]
[2025/05/13 23:00:05.611] -    >  eth_getTransactionCount: [
   >   "0x425390b2b12a3f58862d93e58b87028841cf4840",
   >   "latest"
   > ]
[2025/05/13 23:00:05.613] -    >  eth_getBalance: [
   >   "0x5c23fca56c2c4192ad23e8ca064c4cac4d0f7f65",
   >   "latest"
   > ]
[2025/05/13 23:00:05.614] -    >  eth_getTransactionCount: [
   >   "0x5c23fca56c2c4192ad23e8ca064c4cac4d0f7f65",
   >   "latest"
   > ]
[2025/05/13 23:00:05.615] -    >  eth_getBalance: [
   >   "0x7da99288e12f5b7142bf806c9293368d5557bc26",
   >   "latest"
   > ]
[2025/05/13 23:00:05.616] -    >  eth_getTransactionCount: [
   >   "0x7da99288e12f5b7142bf806c9293368d5557bc26",
   >   "latest"
   > ]
[2025/05/13 23:00:05.617] -    >  eth_getBalance: [
   >   "0x3a2def2b1173621eefe5acf3f938f0eb173ac495",
   >   "latest"
   > ]
[2025/05/13 23:00:05.619] -    >  eth_getTransactionCount: [
   >   "0x3a2def2b1173621eefe5acf3f938f0eb173ac495",
   >   "latest"
   > ]
[2025/05/13 23:00:05.620] -    >  eth_getBalance: [
   >   "0xef576e66d7c1ae5c042f1f21c43bf2c3d2948a4f",
   >   "latest"
   > ]
[2025/05/13 23:00:05.621] -    >  eth_getTransactionCount: [
   >   "0xef576e66d7c1ae5c042f1f21c43bf2c3d2948a4f",
   >   "latest"
   > ]
[2025/05/13 23:00:05.623] -    >  eth_getBalance: [
   >   "0x5c37919be8144987ba49d70938deef5e9c91bc28",
   >   "latest"
   > ]
[2025/05/13 23:00:05.624] -    >  eth_getTransactionCount: [
   >   "0x5c37919be8144987ba49d70938deef5e9c91bc28",
   >   "latest"
   > ]
[2025/05/13 23:00:05.733] -    >  eth_getBalance: [
   >   "0x45b03f063f2a5e84dd0f0d274a579b202e785df9",
   >   "latest"
   > ]
[2025/05/13 23:00:05.734] -    >  eth_getTransactionCount: [
   >   "0x45b03f063f2a5e84dd0f0d274a579b202e785df9",
   >   "latest"
   > ]
[2025/05/13 23:00:05.736] -    >  eth_getBalance: [
   >   "0xf8d51f725d176e9ba831ea88db984a4fd948d617",
   >   "latest"
   > ]
[2025/05/13 23:00:05.737] -    >  eth_getTransactionCount: [
   >   "0xf8d51f725d176e9ba831ea88db984a4fd948d617",
   >   "latest"
   > ]
[2025/05/13 23:00:05.738] -    >  eth_getBalance: [
   >   "0x9b8be51783f8b8d655cad6d0fcf4c2128da5c50e",
   >   "latest"
   > ]
[2025/05/13 23:00:05.740] -    >  eth_getTransactionCount: [
   >   "0x9b8be51783f8b8d655cad6d0fcf4c2128da5c50e",
   >   "latest"
   > ]
[2025/05/13 23:00:05.741] -    >  eth_getBalance: [
   >   "0xdf59b7d80d7e832dfe87ab6b90ebd189dcad12e6",
   >   "latest"
   > ]
[2025/05/13 23:00:05.743] -    >  eth_getTransactionCount: [
   >   "0xdf59b7d80d7e832dfe87ab6b90ebd189dcad12e6",
   >   "latest"
   > ]
[2025/05/13 23:00:05.744] -    >  eth_getBalance: [
   >   "0x425390b2b12a3f58862d93e58b87028841cf4840",
   >   "latest"
   > ]
[2025/05/13 23:00:05.745] -    >  eth_getTransactionCount: [
   >   "0x425390b2b12a3f58862d93e58b87028841cf4840",
   >   "latest"
   > ]
[2025/05/13 23:00:05.746] -    >  eth_getBalance: [
   >   "0x5c23fca56c2c4192ad23e8ca064c4cac4d0f7f65",
   >   "latest"
   > ]
[2025/05/13 23:00:05.748] -    >  eth_getTransactionCount: [
   >   "0x5c23fca56c2c4192ad23e8ca064c4cac4d0f7f65",
   >   "latest"
   > ]
[2025/05/13 23:00:05.749] -    >  eth_getBalance: [
   >   "0x7da99288e12f5b7142bf806c9293368d5557bc26",
   >   "latest"
   > ]
[2025/05/13 23:00:05.750] -    >  eth_getTransactionCount: [
   >   "0x7da99288e12f5b7142bf806c9293368d5557bc26",
   >   "latest"
   > ]
[2025/05/13 23:00:05.751] -    >  eth_getBalance: [
   >   "0x3a2def2b1173621eefe5acf3f938f0eb173ac495",
   >   "latest"
   > ]
[2025/05/13 23:00:05.752] -    >  eth_getTransactionCount: [
   >   "0x3a2def2b1173621eefe5acf3f938f0eb173ac495",
   >   "latest"
   > ]
[2025/05/13 23:00:05.753] -    >  eth_getBalance: [
   >   "0xef576e66d7c1ae5c042f1f21c43bf2c3d2948a4f",
   >   "latest"
   > ]
[2025/05/13 23:00:05.754] -    >  eth_getTransactionCount: [
   >   "0xef576e66d7c1ae5c042f1f21c43bf2c3d2948a4f",
   >   "latest"
   > ]
[2025/05/13 23:00:05.757] -    >  eth_getBalance: [
   >   "0x5c37919be8144987ba49d70938deef5e9c91bc28",
   >   "latest"
   > ]
[2025/05/13 23:00:05.758] -    >  eth_getTransactionCount: [
   >   "0x5c37919be8144987ba49d70938deef5e9c91bc28",
   >   "latest"
   > ]
[2025/05/13 23:00:05.759] -    >  eth_getBalance: [
   >   "0x45b03f063f2a5e84dd0f0d274a579b202e785df9",
   >   "latest"
   > ]
[2025/05/13 23:00:05.760] -    >  eth_getTransactionCount: [
   >   "0x45b03f063f2a5e84dd0f0d274a579b202e785df9",
   >   "latest"
   > ]
[2025/05/13 23:00:05.762] -    >  eth_getBalance: [
   >   "0xf8d51f725d176e9ba831ea88db984a4fd948d617",
   >   "latest"
   > ]
[2025/05/13 23:00:05.763] -    >  eth_getTransactionCount: [
   >   "0xf8d51f725d176e9ba831ea88db984a4fd948d617",
   >   "latest"
   > ]
[2025/05/13 23:00:05.764] -    >  eth_getBalance: [
   >   "0x9b8be51783f8b8d655cad6d0fcf4c2128da5c50e",
   >   "latest"
   > ]
[2025/05/13 23:00:05.765] -    >  eth_getTransactionCount: [
   >   "0x9b8be51783f8b8d655cad6d0fcf4c2128da5c50e",
   >   "latest"
   > ]
[2025/05/13 23:00:05.767] -    >  eth_getBalance: [
   >   "0xdf59b7d80d7e832dfe87ab6b90ebd189dcad12e6",
   >   "latest"
   > ]
[2025/05/13 23:00:05.768] -    >  eth_getTransactionCount: [
   >   "0xdf59b7d80d7e832dfe87ab6b90ebd189dcad12e6",
   >   "latest"
   > ]
[2025/05/13 23:00:05.769] -    >  eth_getBalance: [
   >   "0x425390b2b12a3f58862d93e58b87028841cf4840",
   >   "latest"
   > ]
[2025/05/13 23:00:05.770] -    >  eth_getTransactionCount: [
   >   "0x425390b2b12a3f58862d93e58b87028841cf4840",
   >   "latest"
   > ]
[2025/05/13 23:00:05.772] -    >  eth_getBalance: [
   >   "0x5c23fca56c2c4192ad23e8ca064c4cac4d0f7f65",
   >   "latest"
   > ]
[2025/05/13 23:00:05.774] -    >  eth_getTransactionCount: [
   >   "0x5c23fca56c2c4192ad23e8ca064c4cac4d0f7f65",
   >   "latest"
   > ]
[2025/05/13 23:00:05.775] -    >  eth_getBalance: [
   >   "0x7da99288e12f5b7142bf806c9293368d5557bc26",
   >   "latest"
   > ]
[2025/05/13 23:00:05.776] -    >  eth_getTransactionCount: [
   >   "0x7da99288e12f5b7142bf806c9293368d5557bc26",
   >   "latest"
   > ]
[2025/05/13 23:00:05.778] -    >  eth_getBalance: [
   >   "0x3a2def2b1173621eefe5acf3f938f0eb173ac495",
   >   "latest"
   > ]
[2025/05/13 23:00:05.781] -    >  eth_getTransactionCount: [
   >   "0x3a2def2b1173621eefe5acf3f938f0eb173ac495",
   >   "latest"
   > ]
[2025/05/13 23:00:05.782] -    >  eth_getBalance: [
   >   "0xef576e66d7c1ae5c042f1f21c43bf2c3d2948a4f",
   >   "latest"
   > ]
[2025/05/13 23:00:05.783] -    >  eth_getTransactionCount: [
   >   "0xef576e66d7c1ae5c042f1f21c43bf2c3d2948a4f",
   >   "latest"
   > ]
[2025/05/13 23:00:05.784] -    >  eth_getBalance: [
   >   "0x5c37919be8144987ba49d70938deef5e9c91bc28",
   >   "latest"
   > ]
[2025/05/13 23:00:05.785] -    >  eth_getTransactionCount: [
   >   "0x5c37919be8144987ba49d70938deef5e9c91bc28",
   >   "latest"
   > ]
[2025/05/13 23:00:53.562] -    >  eth_chainId: []
[2025/05/13 23:01:06.646] -    >  eth_unsubscribe: [
   >   "0x3"
   > ]
[2025/05/13 23:01:06.647] -    >  eth_unsubscribe: [
   >   "0x4"
   > ]
