[2025/05/13 23:01:06.664] - Starting server with initial configuration: {"gasLimit":6721975,"gasPrice":20000000000,"hardfork":"london","hostname":"192.168.88.58","port":8545,"network_id":1337,"default_balance_ether":100,"total_accounts":10,"unlocked_accounts":[],"locked":false,"vmErrorsOnRPCResponse":true,"verbose":true,"flavor":"ethereum","db_path":"C:\\Users\\phung\\AppData\\Roaming\\Ganache\\ui\\workspaces\\DangHau\\chaindata","mnemonic":"furnace another index found load wreck cram tide radar denial kiwi lesson","logDirectory":"C:\\Users\\phung\\OneDrive\\文档\\BTLXLA"}
[2025/05/13 23:01:06.776] -    >  eth_blockNumber: []
[2025/05/13 23:01:06.777] -    >  eth_accounts: []
[2025/05/13 23:01:06.777] -    >  eth_gasPrice: []
[2025/05/13 23:01:06.778] -    >  eth_getBlockByNumber: [
   >   "latest",
   >   false
   > ]
[2025/05/13 23:01:06.778] -    >  eth_subscribe: [
   >   "newHeads"
   > ]
[2025/05/13 23:01:06.779] -    >  eth_subscribe: [
   >   "newHeads"
   > ]
[2025/05/13 23:01:06.779] -    >  eth_getLogs: [
   >   {
   >     "fromBlock": null,
   >     "topics": []
   >   }
   > ]
[2025/05/13 23:01:06.780] -    >  eth_subscribe: [
   >   "logs",
   >   {
   >     "topics": []
   >   }
   > ]
[2025/05/13 23:01:06.780] -    >  eth_subscribe: [
   >   "newHeads"
   > ]
[2025/05/13 23:01:06.781] -    >  eth_getLogs: [
   >   {
   >     "fromBlock": null,
   >     "topics": []
   >   }
   > ]
[2025/05/13 23:01:06.781] -    >  eth_subscribe: [
   >   "logs",
   >   {
   >     "topics": []
   >   }
   > ]
[2025/05/13 23:01:06.782] -    >  eth_accounts: []
[2025/05/13 23:01:06.788] -    >  eth_getBalance: [
   >   "0x45b03f063f2a5e84dd0f0d274a579b202e785df9",
   >   "latest"
   > ]
[2025/05/13 23:01:06.790] -    >  eth_getTransactionCount: [
   >   "0x45b03f063f2a5e84dd0f0d274a579b202e785df9",
   >   "latest"
   > ]
[2025/05/13 23:01:06.791] -    >  eth_getBalance: [
   >   "0xf8d51f725d176e9ba831ea88db984a4fd948d617",
   >   "latest"
   > ]
[2025/05/13 23:01:06.792] -    >  eth_getTransactionCount: [
   >   "0xf8d51f725d176e9ba831ea88db984a4fd948d617",
   >   "latest"
   > ]
[2025/05/13 23:01:06.792] -    >  eth_getBalance: [
   >   "0x9b8be51783f8b8d655cad6d0fcf4c2128da5c50e",
   >   "latest"
   > ]
[2025/05/13 23:01:06.793] -    >  eth_getTransactionCount: [
   >   "0x9b8be51783f8b8d655cad6d0fcf4c2128da5c50e",
   >   "latest"
   > ]
[2025/05/13 23:01:06.794] -    >  eth_getBalance: [
   >   "0xdf59b7d80d7e832dfe87ab6b90ebd189dcad12e6",
   >   "latest"
   > ]
[2025/05/13 23:01:06.795] -    >  eth_getTransactionCount: [
   >   "0xdf59b7d80d7e832dfe87ab6b90ebd189dcad12e6",
   >   "latest"
   > ]
[2025/05/13 23:01:06.797] -    >  eth_getBalance: [
   >   "0x425390b2b12a3f58862d93e58b87028841cf4840",
   >   "latest"
   > ]
[2025/05/13 23:01:06.798] -    >  eth_getTransactionCount: [
   >   "0x425390b2b12a3f58862d93e58b87028841cf4840",
   >   "latest"
   > ]
[2025/05/13 23:01:06.799] -    >  eth_getBalance: [
   >   "0x5c23fca56c2c4192ad23e8ca064c4cac4d0f7f65",
   >   "latest"
   > ]
[2025/05/13 23:01:06.800] -    >  eth_getTransactionCount: [
   >   "0x5c23fca56c2c4192ad23e8ca064c4cac4d0f7f65",
   >   "latest"
   > ]
[2025/05/13 23:01:06.801] -    >  eth_getBalance: [
   >   "0x7da99288e12f5b7142bf806c9293368d5557bc26",
   >   "latest"
   > ]
[2025/05/13 23:01:06.801] -    >  eth_getTransactionCount: [
   >   "0x7da99288e12f5b7142bf806c9293368d5557bc26",
   >   "latest"
   > ]
[2025/05/13 23:01:06.803] -    >  eth_getBalance: [
   >   "0x3a2def2b1173621eefe5acf3f938f0eb173ac495",
   >   "latest"
   > ]
[2025/05/13 23:01:06.804] -    >  eth_getTransactionCount: [
   >   "0x3a2def2b1173621eefe5acf3f938f0eb173ac495",
   >   "latest"
   > ]
[2025/05/13 23:01:06.805] -    >  eth_getBalance: [
   >   "0xef576e66d7c1ae5c042f1f21c43bf2c3d2948a4f",
   >   "latest"
   > ]
[2025/05/13 23:01:06.806] -    >  eth_getTransactionCount: [
   >   "0xef576e66d7c1ae5c042f1f21c43bf2c3d2948a4f",
   >   "latest"
   > ]
[2025/05/13 23:01:06.807] -    >  eth_getBalance: [
   >   "0x5c37919be8144987ba49d70938deef5e9c91bc28",
   >   "latest"
   > ]
[2025/05/13 23:01:06.809] -    >  eth_getTransactionCount: [
   >   "0x5c37919be8144987ba49d70938deef5e9c91bc28",
   >   "latest"
   > ]
[2025/05/13 23:01:06.820] -    >  eth_blockNumber: []
[2025/05/13 23:01:06.821] -    >  eth_accounts: []
[2025/05/13 23:01:06.821] -    >  eth_gasPrice: []
[2025/05/13 23:01:06.821] -    >  eth_getBlockByNumber: [
   >   "latest",
   >   false
   > ]
[2025/05/13 23:01:06.822] -    >  eth_subscribe: [
   >   "newHeads"
   > ]
[2025/05/13 23:01:06.829] -    >  eth_getTransactionCount: [
   >   "0x45b03f063f2a5e84dd0f0d274a579b202e785df9",
   >   "latest"
   > ]
[2025/05/13 23:01:06.830] -    >  eth_getBalance: [
   >   "0xf8d51f725d176e9ba831ea88db984a4fd948d617",
   >   "latest"
   > ]
[2025/05/13 23:01:06.831] -    >  eth_getTransactionCount: [
   >   "0xf8d51f725d176e9ba831ea88db984a4fd948d617",
   >   "latest"
   > ]
[2025/05/13 23:01:06.833] -    >  eth_getBalance: [
   >   "0x9b8be51783f8b8d655cad6d0fcf4c2128da5c50e",
   >   "latest"
   > ]
[2025/05/13 23:01:06.834] -    >  eth_getTransactionCount: [
   >   "0x9b8be51783f8b8d655cad6d0fcf4c2128da5c50e",
   >   "latest"
   > ]
[2025/05/13 23:01:06.835] -    >  eth_getBalance: [
   >   "0xdf59b7d80d7e832dfe87ab6b90ebd189dcad12e6",
   >   "latest"
   > ]
[2025/05/13 23:01:06.836] -    >  eth_getTransactionCount: [
   >   "0xdf59b7d80d7e832dfe87ab6b90ebd189dcad12e6",
   >   "latest"
   > ]
[2025/05/13 23:01:06.837] -    >  eth_getBalance: [
   >   "0x425390b2b12a3f58862d93e58b87028841cf4840",
   >   "latest"
   > ]
[2025/05/13 23:01:06.838] -    >  eth_getTransactionCount: [
   >   "0x425390b2b12a3f58862d93e58b87028841cf4840",
   >   "latest"
   > ]
[2025/05/13 23:01:06.840] -    >  eth_getBalance: [
   >   "0x5c23fca56c2c4192ad23e8ca064c4cac4d0f7f65",
   >   "latest"
   > ]
[2025/05/13 23:01:06.841] -    >  eth_getTransactionCount: [
   >   "0x5c23fca56c2c4192ad23e8ca064c4cac4d0f7f65",
   >   "latest"
   > ]
[2025/05/13 23:01:06.844] -    >  eth_getBalance: [
   >   "0x7da99288e12f5b7142bf806c9293368d5557bc26",
   >   "latest"
   > ]
[2025/05/13 23:01:06.846] -    >  eth_getTransactionCount: [
   >   "0x7da99288e12f5b7142bf806c9293368d5557bc26",
   >   "latest"
   > ]
[2025/05/13 23:01:06.847] -    >  eth_getBalance: [
   >   "0x3a2def2b1173621eefe5acf3f938f0eb173ac495",
   >   "latest"
   > ]
[2025/05/13 23:01:06.848] -    >  eth_getTransactionCount: [
   >   "0x3a2def2b1173621eefe5acf3f938f0eb173ac495",
   >   "latest"
   > ]
[2025/05/13 23:01:06.850] -    >  eth_getBalance: [
   >   "0xef576e66d7c1ae5c042f1f21c43bf2c3d2948a4f",
   >   "latest"
   > ]
[2025/05/13 23:01:06.851] -    >  eth_getTransactionCount: [
   >   "0xef576e66d7c1ae5c042f1f21c43bf2c3d2948a4f",
   >   "latest"
   > ]
[2025/05/13 23:01:06.852] -    >  eth_getBalance: [
   >   "0x5c37919be8144987ba49d70938deef5e9c91bc28",
   >   "latest"
   > ]
[2025/05/13 23:01:06.853] -    >  eth_getTransactionCount: [
   >   "0x5c37919be8144987ba49d70938deef5e9c91bc28",
   >   "latest"
   > ]
[2025/05/13 23:01:06.869] -    >  eth_getBalance: [
   >   "0x45b03f063f2a5e84dd0f0d274a579b202e785df9",
   >   "latest"
   > ]
[2025/05/13 23:01:06.871] -    >  eth_getTransactionCount: [
   >   "0x45b03f063f2a5e84dd0f0d274a579b202e785df9",
   >   "latest"
   > ]
[2025/05/13 23:01:06.872] -    >  eth_getBalance: [
   >   "0xf8d51f725d176e9ba831ea88db984a4fd948d617",
   >   "latest"
   > ]
[2025/05/13 23:01:06.874] -    >  eth_getTransactionCount: [
   >   "0xf8d51f725d176e9ba831ea88db984a4fd948d617",
   >   "latest"
   > ]
[2025/05/13 23:01:06.875] -    >  eth_getBalance: [
   >   "0x9b8be51783f8b8d655cad6d0fcf4c2128da5c50e",
   >   "latest"
   > ]
[2025/05/13 23:01:06.876] -    >  eth_getTransactionCount: [
   >   "0x9b8be51783f8b8d655cad6d0fcf4c2128da5c50e",
   >   "latest"
   > ]
[2025/05/13 23:01:06.878] -    >  eth_getBalance: [
   >   "0xdf59b7d80d7e832dfe87ab6b90ebd189dcad12e6",
   >   "latest"
   > ]
[2025/05/13 23:01:06.879] -    >  eth_getTransactionCount: [
   >   "0xdf59b7d80d7e832dfe87ab6b90ebd189dcad12e6",
   >   "latest"
   > ]
[2025/05/13 23:01:06.880] -    >  eth_getBalance: [
   >   "0x425390b2b12a3f58862d93e58b87028841cf4840",
   >   "latest"
   > ]
[2025/05/13 23:01:06.881] -    >  eth_getTransactionCount: [
   >   "0x425390b2b12a3f58862d93e58b87028841cf4840",
   >   "latest"
   > ]
[2025/05/13 23:01:06.883] -    >  eth_getBalance: [
   >   "0x5c23fca56c2c4192ad23e8ca064c4cac4d0f7f65",
   >   "latest"
   > ]
[2025/05/13 23:01:06.884] -    >  eth_getTransactionCount: [
   >   "0x5c23fca56c2c4192ad23e8ca064c4cac4d0f7f65",
   >   "latest"
   > ]
[2025/05/13 23:01:06.885] -    >  eth_getBalance: [
   >   "0x7da99288e12f5b7142bf806c9293368d5557bc26",
   >   "latest"
   > ]
[2025/05/13 23:01:06.886] -    >  eth_getTransactionCount: [
   >   "0x7da99288e12f5b7142bf806c9293368d5557bc26",
   >   "latest"
   > ]
[2025/05/13 23:01:06.887] -    >  eth_getBalance: [
   >   "0x3a2def2b1173621eefe5acf3f938f0eb173ac495",
   >   "latest"
   > ]
[2025/05/13 23:01:06.888] -    >  eth_getTransactionCount: [
   >   "0x3a2def2b1173621eefe5acf3f938f0eb173ac495",
   >   "latest"
   > ]
[2025/05/13 23:01:06.889] -    >  eth_getBalance: [
   >   "0xef576e66d7c1ae5c042f1f21c43bf2c3d2948a4f",
   >   "latest"
   > ]
[2025/05/13 23:01:06.890] -    >  eth_getTransactionCount: [
   >   "0xef576e66d7c1ae5c042f1f21c43bf2c3d2948a4f",
   >   "latest"
   > ]
[2025/05/13 23:01:06.891] -    >  eth_getBalance: [
   >   "0x5c37919be8144987ba49d70938deef5e9c91bc28",
   >   "latest"
   > ]
[2025/05/13 23:01:06.892] -    >  eth_getTransactionCount: [
   >   "0x5c37919be8144987ba49d70938deef5e9c91bc28",
   >   "latest"
   > ]
[2025/05/13 23:01:06.894] -    >  eth_getBalance: [
   >   "0x45b03f063f2a5e84dd0f0d274a579b202e785df9",
   >   "latest"
   > ]
[2025/05/13 23:01:06.895] -    >  eth_getTransactionCount: [
   >   "0x45b03f063f2a5e84dd0f0d274a579b202e785df9",
   >   "latest"
   > ]
[2025/05/13 23:01:06.895] -    >  eth_getBalance: [
   >   "0xf8d51f725d176e9ba831ea88db984a4fd948d617",
   >   "latest"
   > ]
[2025/05/13 23:01:06.897] -    >  eth_getTransactionCount: [
   >   "0xf8d51f725d176e9ba831ea88db984a4fd948d617",
   >   "latest"
   > ]
[2025/05/13 23:01:06.897] -    >  eth_getBalance: [
   >   "0x9b8be51783f8b8d655cad6d0fcf4c2128da5c50e",
   >   "latest"
   > ]
[2025/05/13 23:01:06.899] -    >  eth_getTransactionCount: [
   >   "0x9b8be51783f8b8d655cad6d0fcf4c2128da5c50e",
   >   "latest"
   > ]
[2025/05/13 23:01:06.900] -    >  eth_getBalance: [
   >   "0xdf59b7d80d7e832dfe87ab6b90ebd189dcad12e6",
   >   "latest"
   > ]
[2025/05/13 23:01:06.901] -    >  eth_getTransactionCount: [
   >   "0xdf59b7d80d7e832dfe87ab6b90ebd189dcad12e6",
   >   "latest"
   > ]
[2025/05/13 23:01:06.902] -    >  eth_getBalance: [
   >   "0x425390b2b12a3f58862d93e58b87028841cf4840",
   >   "latest"
   > ]
[2025/05/13 23:01:06.903] -    >  eth_getTransactionCount: [
   >   "0x425390b2b12a3f58862d93e58b87028841cf4840",
   >   "latest"
   > ]
[2025/05/13 23:01:06.904] -    >  eth_getBalance: [
   >   "0x5c23fca56c2c4192ad23e8ca064c4cac4d0f7f65",
   >   "latest"
   > ]
[2025/05/13 23:01:06.905] -    >  eth_getTransactionCount: [
   >   "0x5c23fca56c2c4192ad23e8ca064c4cac4d0f7f65",
   >   "latest"
   > ]
[2025/05/13 23:01:06.906] -    >  eth_getBalance: [
   >   "0x7da99288e12f5b7142bf806c9293368d5557bc26",
   >   "latest"
   > ]
[2025/05/13 23:01:06.907] -    >  eth_getTransactionCount: [
   >   "0x7da99288e12f5b7142bf806c9293368d5557bc26",
   >   "latest"
   > ]
[2025/05/13 23:01:06.908] -    >  eth_getBalance: [
   >   "0x3a2def2b1173621eefe5acf3f938f0eb173ac495",
   >   "latest"
   > ]
[2025/05/13 23:01:06.909] -    >  eth_getTransactionCount: [
   >   "0x3a2def2b1173621eefe5acf3f938f0eb173ac495",
   >   "latest"
   > ]
[2025/05/13 23:01:06.910] -    >  eth_getBalance: [
   >   "0xef576e66d7c1ae5c042f1f21c43bf2c3d2948a4f",
   >   "latest"
   > ]
[2025/05/13 23:01:06.911] -    >  eth_getTransactionCount: [
   >   "0xef576e66d7c1ae5c042f1f21c43bf2c3d2948a4f",
   >   "latest"
   > ]
[2025/05/13 23:01:06.912] -    >  eth_getBalance: [
   >   "0x5c37919be8144987ba49d70938deef5e9c91bc28",
   >   "latest"
   > ]
[2025/05/13 23:01:06.912] -    >  eth_getTransactionCount: [
   >   "0x5c37919be8144987ba49d70938deef5e9c91bc28",
   >   "latest"
   > ]
[2025/05/13 23:01:09.656] -    >  eth_chainId: []
[2025/05/13 23:01:10.318] -    >  eth_chainId: []
[2025/05/13 23:01:10.522] -    >  eth_chainId: []
[2025/05/13 23:01:10.818] -    >  eth_chainId: []
[2025/05/13 23:02:30.083] -    >  eth_unsubscribe: [
   >   "0x4"
   > ]
[2025/05/13 23:02:30.084] -    >  eth_unsubscribe: [
   >   "0x5"
   > ]
